# JRE version: OpenJDK Runtime Environment (8.0_112-b06) (build 1.8.0_112-release-b06)
# Java VM: OpenJDK 64-Bit Server VM (25.112-b06 mixed mode linux-amd64 compressed oops)
Heap:
 PSYoungGen      total 225280K, used 31282K [0x00000000e0000000, 0x00000000f2600000, 0x0000000100000000)
  eden space 162304K, 0% used [0x00000000e0000000,0x00000000e0000000,0x00000000e9e80000)
  from space 62976K, 49% used [0x00000000e9e80000,0x00000000ebd0c970,0x00000000edc00000)
  to   space 60416K, 0% used [0x00000000eeb00000,0x00000000eeb00000,0x00000000f2600000)
 ParOldGen       total 158208K, used 153083K [0x00000000a0000000, 0x00000000a9a80000, 0x00000000e0000000)
  object space 158208K, 96% used [0x00000000a0000000,0x00000000a957ec30,0x00000000a9a80000)
 Metaspace       used 70822K, capacity 77076K, committed 77360K, reserved 1116160K
  class space    used 8956K, capacity 9665K, committed 9776K, reserved 1048576K
GC Heap History (10 events):
Event: 9313.323 GC heap after
Heap after GC invocations=42 (full 3):
 PSYoungGen      total 201728K, used 21345K [0x00000000e0000000, 0x00000000f0280000, 0x0000000100000000)
  eden space 148992K, 0% used [0x00000000e0000000,0x00000000e0000000,0x00000000e9180000)
  from space 52736K, 40% used [0x00000000e9180000,0x00000000ea6584d0,0x00000000ec500000)
  to   space 51712K, 0% used [0x00000000ed000000,0x00000000ed000000,0x00000000f0280000)
 ParOldGen       total 158208K, used 129296K [0x00000000a0000000, 0x00000000a9a80000, 0x00000000e0000000)
  object space 158208K, 81% used [0x00000000a0000000,0x00000000a7e44110,0x00000000a9a80000)
 Metaspace       used 70600K, capacity 76748K, committed 77104K, reserved 1116160K
  class space    used 8940K, capacity 9649K, committed 9776K, reserved 1048576K
}
Event: 9313.852 GC heap before
{Heap before GC invocations=43 (full 3):
 PSYoungGen      total 201728K, used 170337K [0x00000000e0000000, 0x00000000f0280000, 0x0000000100000000)
  eden space 148992K, 100% used [0x00000000e0000000,0x00000000e9180000,0x00000000e9180000)
  from space 52736K, 40% used [0x00000000e9180000,0x00000000ea6584d0,0x00000000ec500000)
  to   space 51712K, 0% used [0x00000000ed000000,0x00000000ed000000,0x00000000f0280000)
 ParOldGen       total 158208K, used 129296K [0x00000000a0000000, 0x00000000a9a80000, 0x00000000e0000000)
  object space 158208K, 81% used [0x00000000a0000000,0x00000000a7e44110,0x00000000a9a80000)
 Metaspace       used 70668K, capacity 76760K, committed 77104K, reserved 1116160K
  class space    used 8941K, capacity 9649K, committed 9776K, reserved 1048576K
Event: 9313.896 GC heap after
Heap after GC invocations=43 (full 3):
 PSYoungGen      total 203776K, used 51682K [0x00000000e0000000, 0x00000000f1a00000, 0x0000000100000000)
  eden space 152064K, 0% used [0x00000000e0000000,0x00000000e0000000,0x00000000e9480000)
  from space 51712K, 99% used [0x00000000ed000000,0x00000000f0278820,0x00000000f0280000)
  to   space 60928K, 0% used [0x00000000e9480000,0x00000000e9480000,0x00000000ed000000)
 ParOldGen       total 158208K, used 136932K [0x00000000a0000000, 0x00000000a9a80000, 0x00000000e0000000)
  object space 158208K, 86% used [0x00000000a0000000,0x00000000a85b91d0,0x00000000a9a80000)
 Metaspace       used 70668K, capacity 76760K, committed 77104K, reserved 1116160K
  class space    used 8941K, capacity 9649K, committed 9776K, reserved 1048576K
}
Event: 9352.913 GC heap before
{Heap before GC invocations=44 (full 3):
 PSYoungGen      total 203776K, used 203746K [0x00000000e0000000, 0x00000000f1a00000, 0x0000000100000000)
  eden space 152064K, 100% used [0x00000000e0000000,0x00000000e9480000,0x00000000e9480000)
  from space 51712K, 99% used [0x00000000ed000000,0x00000000f0278820,0x00000000f0280000)
  to   space 60928K, 0% used [0x00000000e9480000,0x00000000e9480000,0x00000000ed000000)
 ParOldGen       total 158208K, used 136932K [0x00000000a0000000, 0x00000000a9a80000, 0x00000000e0000000)
  object space 158208K, 86% used [0x00000000a0000000,0x00000000a85b91d0,0x00000000a9a80000)
 Metaspace       used 70731K, capacity 76920K, committed 77104K, reserved 1116160K
  class space    used 8949K, capacity 9657K, committed 9776K, reserved 1048576K
Event: 9352.936 GC heap after
Heap after GC invocations=44 (full 3):
 PSYoungGen      total 212992K, used 35945K [0x00000000e0000000, 0x00000000f1600000, 0x0000000100000000)
  eden space 152064K, 0% used [0x00000000e0000000,0x00000000e0000000,0x00000000e9480000)
  from space 60928K, 58% used [0x00000000e9480000,0x00000000eb79a750,0x00000000ed000000)
  to   space 59392K, 0% used [0x00000000edc00000,0x00000000edc00000,0x00000000f1600000)
 ParOldGen       total 158208K, used 137060K [0x00000000a0000000, 0x00000000a9a80000, 0x00000000e0000000)
  object space 158208K, 86% used [0x00000000a0000000,0x00000000a85d91d0,0x00000000a9a80000)
 Metaspace       used 70731K, capacity 76920K, committed 77104K, reserved 1116160K
  class space    used 8949K, capacity 9657K, committed 9776K, reserved 1048576K
}
Event: 9353.261 GC heap before
{Heap before GC invocations=45 (full 3):
 PSYoungGen      total 212992K, used 188009K [0x00000000e0000000, 0x00000000f1600000, 0x0000000100000000)
  eden space 152064K, 100% used [0x00000000e0000000,0x00000000e9480000,0x00000000e9480000)
  from space 60928K, 58% used [0x00000000e9480000,0x00000000eb79a750,0x00000000ed000000)
  to   space 59392K, 0% used [0x00000000edc00000,0x00000000edc00000,0x00000000f1600000)
 ParOldGen       total 158208K, used 137060K [0x00000000a0000000, 0x00000000a9a80000, 0x00000000e0000000)
  object space 158208K, 86% used [0x00000000a0000000,0x00000000a85d91d0,0x00000000a9a80000)
 Metaspace       used 70753K, capacity 76988K, committed 77360K, reserved 1116160K
  class space    used 8949K, capacity 9657K, committed 9776K, reserved 1048576K
Event: 9353.303 GC heap after
Heap after GC invocations=45 (full 3):
 PSYoungGen      total 221696K, used 48385K [0x00000000e0000000, 0x00000000f2280000, 0x0000000100000000)
  eden space 162304K, 0% used [0x00000000e0000000,0x00000000e0000000,0x00000000e9e80000)
  from space 59392K, 81% used [0x00000000edc00000,0x00000000f0b406c8,0x00000000f1600000)
  to   space 62976K, 0% used [0x00000000e9e80000,0x00000000e9e80000,0x00000000edc00000)
 ParOldGen       total 158208K, used 137068K [0x00000000a0000000, 0x00000000a9a80000, 0x00000000e0000000)
  object space 158208K, 86% used [0x00000000a0000000,0x00000000a85db1d0,0x00000000a9a80000)
 Metaspace       used 70753K, capacity 76988K, committed 77360K, reserved 1116160K
  class space    used 8949K, capacity 9657K, committed 9776K, reserved 1048576K
}
Event: 9405.678 GC heap before
{Heap before GC invocations=46 (full 3):
 PSYoungGen      total 221696K, used 210689K [0x00000000e0000000, 0x00000000f2280000, 0x0000000100000000)
  eden space 162304K, 100% used [0x00000000e0000000,0x00000000e9e80000,0x00000000e9e80000)
  from space 59392K, 81% used [0x00000000edc00000,0x00000000f0b406c8,0x00000000f1600000)
  to   space 62976K, 0% used [0x00000000e9e80000,0x00000000e9e80000,0x00000000edc00000)
 ParOldGen       total 158208K, used 137068K [0x00000000a0000000, 0x00000000a9a80000, 0x00000000e0000000)
  object space 158208K, 86% used [0x00000000a0000000,0x00000000a85db1d0,0x00000000a9a80000)
 Metaspace       used 70822K, capacity 77076K, committed 77360K, reserved 1116160K
  class space    used 8956K, capacity 9665K, committed 9776K, reserved 1048576K
Event: 9405.722 GC heap after
Heap after GC invocations=46 (full 3):
 PSYoungGen      total 225280K, used 31282K [0x00000000e0000000, 0x00000000f2600000, 0x0000000100000000)
  eden space 162304K, 0% used [0x00000000e0000000,0x00000000e0000000,0x00000000e9e80000)
  from space 62976K, 49% used [0x00000000e9e80000,0x00000000ebd0c970,0x00000000edc00000)
  to   space 60416K, 0% used [0x00000000eeb00000,0x00000000eeb00000,0x00000000f2600000)
 ParOldGen       total 158208K, used 153083K [0x00000000a0000000, 0x00000000a9a80000, 0x00000000e0000000)
  object space 158208K, 96% used [0x00000000a0000000,0x00000000a957ec30,0x00000000a9a80000)
 Metaspace       used 70822K, capacity 77076K, committed 77360K, reserved 1116160K
  class space    used 8956K, capacity 9665K, committed 9776K, reserved 1048576K
}
Event: 9405.722 GC heap before
{Heap before GC invocations=47 (full 4):
 PSYoungGen      total 225280K, used 31282K [0x00000000e0000000, 0x00000000f2600000, 0x0000000100000000)
  eden space 162304K, 0% used [0x00000000e0000000,0x00000000e0000000,0x00000000e9e80000)
  from space 62976K, 49% used [0x00000000e9e80000,0x00000000ebd0c970,0x00000000edc00000)
  to   space 60416K, 0% used [0x00000000eeb00000,0x00000000eeb00000,0x00000000f2600000)
 ParOldGen       total 158208K, used 153083K [0x00000000a0000000, 0x00000000a9a80000, 0x00000000e0000000)
  object space 158208K, 96% used [0x00000000a0000000,0x00000000a957ec30,0x00000000a9a80000)
 Metaspace       used 70822K, capacity 77076K, committed 77360K, reserved 1116160K
  class space    used 8956K, capacity 9665K, committed 9776K, reserved 1048576K

